<?xml version="1.0" encoding="UTF-8"?>
<testng-results skipped="0" failed="0" total="1" passed="1">
  <reporter-output>
  </reporter-output>
  <suite name="Default suite" duration-ms="14601" started-at="2017-08-17T09:03:30Z" finished-at="2017-08-17T09:03:44Z">
    <groups>
    </groups>
    <test name="Default test" duration-ms="14601" started-at="2017-08-17T09:03:30Z" finished-at="2017-08-17T09:03:44Z">
      <class name="view.testcase.HomePageCase">
        <test-method status="PASS" signature="beforeTest()[pri:0, instance:view.testcase.HomePageCase@6767c1fc]" name="beforeTest" is-config="true" duration-ms="13414" started-at="2017-08-17T17:03:30Z" finished-at="2017-08-17T17:03:43Z">
          <reporter-output>
          </reporter-output>
        </test-method> <!-- beforeTest -->
        <test-method status="PASS" signature="testHome()[pri:0, instance:view.testcase.HomePageCase@6767c1fc]" name="testHome" duration-ms="704" started-at="2017-08-17T17:03:43Z" finished-at="2017-08-17T17:03:44Z">
          <reporter-output>
          </reporter-output>
        </test-method> <!-- testHome -->
        <test-method status="PASS" signature="afterTest()[pri:0, instance:view.testcase.HomePageCase@6767c1fc]" name="afterTest" is-config="true" duration-ms="475" started-at="2017-08-17T17:03:44Z" finished-at="2017-08-17T17:03:44Z">
          <reporter-output>
          </reporter-output>
        </test-method> <!-- afterTest -->
      </class> <!-- view.testcase.HomePageCase -->
    </test> <!-- Default test -->
  </suite> <!-- Default suite -->
</testng-results>
